[0m14:34:50.533879 [debug] [MainThread]: Sending event: {'category': 'dbt', 'action': 'invocation', 'label': 'start', 'context': [<snowplow_tracker.self_describing_json.SelfDescribingJson object at 0x102b55e50>, <snowplow_tracker.self_describing_json.SelfDescribingJson object at 0x1045e8c70>, <snowplow_tracker.self_describing_json.SelfDescribingJson object at 0x1045e8310>]}


============================== 14:34:50.536535 | c423dcbe-a58b-4eea-8dbb-3acaa8a15b4a ==============================
[0m14:34:50.536535 [info ] [MainThread]: Running with dbt=1.8.8
[0m14:34:50.536897 [debug] [MainThread]: running dbt with arguments {'printer_width': '80', 'indirect_selection': 'eager', 'write_json': 'True', 'log_cache_events': 'False', 'partial_parse': 'True', 'cache_selected_only': 'False', 'profiles_dir': '/Users/vasantsaladi/.dbt', 'debug': 'False', 'version_check': 'True', 'log_path': 'logs', 'fail_fast': 'False', 'warn_error': 'None', 'use_colors': 'True', 'use_experimental_parser': 'False', 'empty': 'None', 'quiet': 'False', 'no_print': 'None', 'log_format': 'default', 'invocation_command': 'dbt init', 'warn_error_options': 'WarnErrorOptions(include=[], exclude=[])', 'introspect': 'True', 'target_path': 'None', 'static_parser': 'True', 'send_anonymous_usage_stats': 'True'}
[0m14:34:59.808782 [debug] [MainThread]: Starter project path: /opt/anaconda3/envs/dbt_env/lib/python3.9/site-packages/dbt/include/starter_project
[0m14:34:59.821058 [info ] [MainThread]: 
Your new dbt project "custom_postgres" was created!

For more information on how to configure the profiles.yml file,
please consult the dbt documentation here:

  https://docs.getdbt.com/docs/configure-your-profile

One more thing:

Need help? Don't hesitate to reach out to us via GitHub issues or on Slack:

  https://community.getdbt.com/

Happy modeling!

[0m14:34:59.821807 [info ] [MainThread]: Setting up your profile.
[0m14:38:08.280099 [info ] [MainThread]: Profile custom_postgres written to /Users/vasantsaladi/.dbt/profiles.yml using target's profile_template.yml and your supplied values. Run 'dbt debug' to validate the connection.
[0m14:38:08.287160 [debug] [MainThread]: Resource report: {"command_name": "init", "command_success": true, "command_wall_clock_time": 197.78714, "process_user_time": 0.688243, "process_kernel_time": 0.12789, "process_mem_max_rss": "95256576", "process_in_blocks": "0", "process_out_blocks": "0"}
[0m14:38:08.288656 [debug] [MainThread]: Command `dbt init` succeeded at 14:38:08.288460 after 197.79 seconds
[0m14:38:08.289857 [debug] [MainThread]: Sending event: {'category': 'dbt', 'action': 'invocation', 'label': 'end', 'context': [<snowplow_tracker.self_describing_json.SelfDescribingJson object at 0x102b55e50>, <snowplow_tracker.self_describing_json.SelfDescribingJson object at 0x10456c7f0>, <snowplow_tracker.self_describing_json.SelfDescribingJson object at 0x10485e190>]}
[0m14:38:08.290703 [debug] [MainThread]: Flushing usage events
